1545250309539	geckodriver	INFO	geckodriver 0.19.1
1545250309543	geckodriver	INFO	Listening on 127.0.0.1:39597
1545250310721	mozrunner::runner	INFO	Running command: "/usr/bin/firefox" "-marionette" "-headless" "-profile" "/tmp/rust_mozprofile.8yI3rTpExgX4"
*** You are running in headless mode.
1545250312729	addons.webextension.screenshots@mozilla.org	WARN	Loading extension 'screenshots@mozilla.org': Reading manifest: Invalid host permission: resource://pdf.js/
1545250312730	addons.webextension.screenshots@mozilla.org	WARN	Loading extension 'screenshots@mozilla.org': Reading manifest: Invalid host permission: about:reader*
1545250312991	Marionette	DEBUG	Received observer notification profile-after-change
1545250313527	Marionette	DEBUG	Received observer notification command-line-startup
1545250313528	Marionette	DEBUG	Received observer notification nsPref:changed
1545250313528	Marionette	DEBUG	Init aborted (running=false, enabled=true, finalUIStartup=false)
1545250314705	Marionette	DEBUG	Received observer notification toplevel-window-ready
1545250315962	Marionette	DEBUG	Received observer notification sessionstore-windows-restored
1545250315962	Marionette	DEBUG	Waiting for delayed startup...
1545250316122	Marionette	DEBUG	Setting recommended pref app.update.disabledForTesting to true
1545250316122	Marionette	DEBUG	Setting recommended pref security.turn_off_all_security_so_that_viruses_can_take_over_this_computer to true
1545250316124	Marionette	DEBUG	Setting recommended pref browser.contentblocking.introCount to 99
1545250316127	Marionette	DEBUG	Setting recommended pref datareporting.policy.dataSubmissionPolicyAccepted to false
1545250316128	Marionette	DEBUG	Setting recommended pref dom.disable_beforeunload to true
1545250316129	Marionette	DEBUG	Setting recommended pref toolkit.cosmeticAnimations.enabled to false
1545250316315	Marionette	INFO	Listening on port 33229
1545250316315	Marionette	DEBUG	Remote service is active
1545250316355	Marionette	DEBUG	Accepted connection 0 from 127.0.0.1:46244
1545250316416	Marionette	TRACE	0 -> [0,1,"newSession",{"acceptInsecureCerts":true,"browserName":"firefox","capabilities":{"desiredCapabilities":{"acceptInsecureCerts":true,"browserName":"firefox"}}}]
1545250316418	Marionette	TRACE	0 <- [1,1,{"error":"unknown command","message":"newSession","stacktrace":"WebDriverError@chrome://marionette/content/error.js:178: ... et@chrome://marionette/content/server.js:236:8\n_onJSONObjectReady/<@chrome://marionette/content/transport.js:490:9\n"},null]
1545250444218	geckodriver	INFO	geckodriver 0.19.1
1545250444222	geckodriver	INFO	Listening on 127.0.0.1:36033
1545250445365	mozrunner::runner	INFO	Running command: "/usr/bin/firefox" "-marionette" "-headless" "-profile" "/tmp/rust_mozprofile.2T8y0JkSEBH6"
*** You are running in headless mode.
1545250445652	addons.webextension.screenshots@mozilla.org	WARN	Loading extension 'screenshots@mozilla.org': Reading manifest: Invalid host permission: resource://pdf.js/
1545250445653	addons.webextension.screenshots@mozilla.org	WARN	Loading extension 'screenshots@mozilla.org': Reading manifest: Invalid host permission: about:reader*
1545250445772	Marionette	DEBUG	Received observer notification profile-after-change
1545250446046	Marionette	DEBUG	Received observer notification command-line-startup
1545250446046	Marionette	DEBUG	Received observer notification nsPref:changed
1545250446046	Marionette	DEBUG	Init aborted (running=false, enabled=true, finalUIStartup=false)
1545250446589	Marionette	DEBUG	Received observer notification toplevel-window-ready
1545250447453	Marionette	DEBUG	Received observer notification sessionstore-windows-restored
1545250447454	Marionette	DEBUG	Waiting for delayed startup...
1545250447555	Marionette	DEBUG	Setting recommended pref app.update.disabledForTesting to true
1545250447555	Marionette	DEBUG	Setting recommended pref security.turn_off_all_security_so_that_viruses_can_take_over_this_computer to true
1545250447556	Marionette	DEBUG	Setting recommended pref browser.contentblocking.introCount to 99
1545250447557	Marionette	DEBUG	Setting recommended pref datareporting.policy.dataSubmissionPolicyAccepted to false
1545250447557	Marionette	DEBUG	Setting recommended pref dom.disable_beforeunload to true
1545250447557	Marionette	DEBUG	Setting recommended pref toolkit.cosmeticAnimations.enabled to false
1545250447590	Marionette	INFO	Listening on port 43327
1545250447590	Marionette	DEBUG	Remote service is active
1545250447675	Marionette	DEBUG	Accepted connection 0 from 127.0.0.1:48534
1545250447681	Marionette	TRACE	0 -> [0,1,"newSession",{"acceptInsecureCerts":true,"browserName":"firefox","capabilities":{"desiredCapabilities":{"acceptInsecureCerts":true,"browserName":"firefox"}}}]
1545250447683	Marionette	TRACE	0 <- [1,1,{"error":"unknown command","message":"newSession","stacktrace":"WebDriverError@chrome://marionette/content/error.js:178: ... et@chrome://marionette/content/server.js:236:8\n_onJSONObjectReady/<@chrome://marionette/content/transport.js:490:9\n"},null]
1545250486965	geckodriver	INFO	geckodriver 0.19.1
1545250486969	geckodriver	INFO	Listening on 127.0.0.1:33395
1545250488104	mozrunner::runner	INFO	Running command: "/usr/bin/firefox" "-marionette" "-headless" "-profile" "/tmp/rust_mozprofile.xU3t98xVMylH"
*** You are running in headless mode.
1545250488381	addons.webextension.screenshots@mozilla.org	WARN	Loading extension 'screenshots@mozilla.org': Reading manifest: Invalid host permission: resource://pdf.js/
1545250488382	addons.webextension.screenshots@mozilla.org	WARN	Loading extension 'screenshots@mozilla.org': Reading manifest: Invalid host permission: about:reader*
1545250488505	Marionette	DEBUG	Received observer notification profile-after-change
1545250488766	Marionette	DEBUG	Received observer notification command-line-startup
1545250488766	Marionette	DEBUG	Received observer notification nsPref:changed
1545250488766	Marionette	DEBUG	Init aborted (running=false, enabled=true, finalUIStartup=false)
1545250489313	Marionette	DEBUG	Received observer notification toplevel-window-ready
1545250490173	Marionette	DEBUG	Received observer notification sessionstore-windows-restored
1545250490173	Marionette	DEBUG	Waiting for delayed startup...
1545250490283	Marionette	DEBUG	Setting recommended pref app.update.disabledForTesting to true
1545250490284	Marionette	DEBUG	Setting recommended pref security.turn_off_all_security_so_that_viruses_can_take_over_this_computer to true
1545250490284	Marionette	DEBUG	Setting recommended pref browser.contentblocking.introCount to 99
1545250490285	Marionette	DEBUG	Setting recommended pref datareporting.policy.dataSubmissionPolicyAccepted to false
1545250490285	Marionette	DEBUG	Setting recommended pref dom.disable_beforeunload to true
1545250490286	Marionette	DEBUG	Setting recommended pref toolkit.cosmeticAnimations.enabled to false
1545250490319	Marionette	INFO	Listening on port 44977
1545250490320	Marionette	DEBUG	Remote service is active
1545250490439	Marionette	DEBUG	Accepted connection 0 from 127.0.0.1:59778
1545250490449	Marionette	TRACE	0 -> [0,1,"newSession",{"acceptInsecureCerts":true,"browserName":"firefox","capabilities":{"desiredCapabilities":{"acceptInsecureCerts":true,"browserName":"firefox"}}}]
1545250490451	Marionette	TRACE	0 <- [1,1,{"error":"unknown command","message":"newSession","stacktrace":"WebDriverError@chrome://marionette/content/error.js:178: ... et@chrome://marionette/content/server.js:236:8\n_onJSONObjectReady/<@chrome://marionette/content/transport.js:490:9\n"},null]
